Determining if the pthread_create exist failed with the following output:
Change Dir: /root/catkin_ws/src/stage_controllers/build/CMakeFiles/CMakeTmp

Run Build Command:"/usr/bin/make" "cmTC_c1cca/fast"
make[1]: Entering directory '/root/catkin_ws/src/stage_controllers/build/CMakeFiles/CMakeTmp'
/usr/bin/make -f CMakeFiles/cmTC_c1cca.dir/build.make CMakeFiles/cmTC_c1cca.dir/build
make[2]: Entering directory '/root/catkin_ws/src/stage_controllers/build/CMakeFiles/CMakeTmp'
Building C object CMakeFiles/cmTC_c1cca.dir/CheckSymbolExists.c.o
/usr/bin/cc     -o CMakeFiles/cmTC_c1cca.dir/CheckSymbolExists.c.o   -c /root/catkin_ws/src/stage_controllers/build/CMakeFiles/CMakeTmp/CheckSymbolExists.c
Linking C executable cmTC_c1cca
/usr/bin/cmake -E cmake_link_script CMakeFiles/cmTC_c1cca.dir/link.txt --verbose=1
/usr/bin/cc       CMakeFiles/cmTC_c1cca.dir/CheckSymbolExists.c.o  -o cmTC_c1cca -rdynamic 
CMakeFiles/cmTC_c1cca.dir/CheckSymbolExists.c.o: In function `main':
CheckSymbolExists.c:(.text+0x16): undefined reference to `pthread_create'
collect2: error: ld returned 1 exit status
CMakeFiles/cmTC_c1cca.dir/build.make:97: recipe for target 'cmTC_c1cca' failed
make[2]: *** [cmTC_c1cca] Error 1
make[2]: Leaving directory '/root/catkin_ws/src/stage_controllers/build/CMakeFiles/CMakeTmp'
Makefile:126: recipe for target 'cmTC_c1cca/fast' failed
make[1]: *** [cmTC_c1cca/fast] Error 2
make[1]: Leaving directory '/root/catkin_ws/src/stage_controllers/build/CMakeFiles/CMakeTmp'

File /root/catkin_ws/src/stage_controllers/build/CMakeFiles/CMakeTmp/CheckSymbolExists.c:
/* */
#include <pthread.h>

int main(int argc, char** argv)
{
  (void)argv;
#ifndef pthread_create
  return ((int*)(&pthread_create))[argc];
#else
  (void)argc;
  return 0;
#endif
}

Determining if the function pthread_create exists in the pthreads failed with the following output:
Change Dir: /root/catkin_ws/src/stage_controllers/build/CMakeFiles/CMakeTmp

Run Build Command:"/usr/bin/make" "cmTC_ba19d/fast"
make[1]: Entering directory '/root/catkin_ws/src/stage_controllers/build/CMakeFiles/CMakeTmp'
/usr/bin/make -f CMakeFiles/cmTC_ba19d.dir/build.make CMakeFiles/cmTC_ba19d.dir/build
make[2]: Entering directory '/root/catkin_ws/src/stage_controllers/build/CMakeFiles/CMakeTmp'
Building C object CMakeFiles/cmTC_ba19d.dir/CheckFunctionExists.c.o
/usr/bin/cc    -DCHECK_FUNCTION_EXISTS=pthread_create   -o CMakeFiles/cmTC_ba19d.dir/CheckFunctionExists.c.o   -c /usr/share/cmake-3.5/Modules/CheckFunctionExists.c
Linking C executable cmTC_ba19d
/usr/bin/cmake -E cmake_link_script CMakeFiles/cmTC_ba19d.dir/link.txt --verbose=1
/usr/bin/cc   -DCHECK_FUNCTION_EXISTS=pthread_create    CMakeFiles/cmTC_ba19d.dir/CheckFunctionExists.c.o  -o cmTC_ba19d -rdynamic -lpthreads 
/usr/bin/ld: cannot find -lpthreads
collect2: error: ld returned 1 exit status
CMakeFiles/cmTC_ba19d.dir/build.make:97: recipe for target 'cmTC_ba19d' failed
make[2]: *** [cmTC_ba19d] Error 1
make[2]: Leaving directory '/root/catkin_ws/src/stage_controllers/build/CMakeFiles/CMakeTmp'
Makefile:126: recipe for target 'cmTC_ba19d/fast' failed
make[1]: *** [cmTC_ba19d/fast] Error 2
make[1]: Leaving directory '/root/catkin_ws/src/stage_controllers/build/CMakeFiles/CMakeTmp'


